\BOOKMARK [1][-]{section.1}{\376\377\174\373\176\337\151\202\217\360}{}% 1
\BOOKMARK [2][-]{subsection.1.1}{\376\377\151\202\217\360}{section.1}% 2
\BOOKMARK [2][-]{subsection.1.2}{\376\377\213\376\230\230\141\017\116\111}{section.1}% 3
\BOOKMARK [2][-]{subsection.1.3}{\376\377\116\073\211\201\121\205\133\271}{section.1}% 4
\BOOKMARK [1][-]{section.2}{\376\377\174\373\176\337\137\000\123\321\163\257\130\203}{}% 5
\BOOKMARK [2][-]{subsection.2.1}{\376\377\000G\000N\000U\000/\000L\000i\000n\000u\000x\174\373\176\337}{section.2}% 6
\BOOKMARK [2][-]{subsection.2.2}{\376\377\000C\000+\000+\213\355\212\000\000\050\000G\000C\000C\000,\000\040\000C\000m\000a\000k\000e\000\051}{section.2}% 7
\BOOKMARK [2][-]{subsection.2.3}{\376\377\000V\000i\000m\177\026\217\221\126\150}{section.2}% 8
\BOOKMARK [2][-]{subsection.2.4}{\376\377\000Q\000t\150\106\147\266}{section.2}% 9
\BOOKMARK [2][-]{subsection.2.5}{\376\377\000S\000Q\000L\000i\000t\000e\0003\145\160\143\156\136\223}{section.2}% 10
\BOOKMARK [2][-]{subsection.2.6}{\376\377\213\270\123\357\213\301}{section.2}% 11
\BOOKMARK [1][-]{section.3}{\376\377\174\373\176\337\122\006\147\220}{}% 12
\BOOKMARK [2][-]{subsection.3.1}{\376\377\123\357\210\114\140\047\122\006\147\220}{section.3}% 13
\BOOKMARK [2][-]{subsection.3.2}{\376\377\227\000\154\102\122\006\147\220}{section.3}% 14
\BOOKMARK [2][-]{subsection.3.3}{\376\377\140\047\200\375\122\006\147\220}{section.3}% 15
\BOOKMARK [1][-]{section.4}{\376\377\174\373\176\337\213\276\213\241}{}% 16
\BOOKMARK [2][-]{subsection.4.1}{\376\377\174\373\176\337\147\266\147\204}{section.4}% 17
\BOOKMARK [2][-]{subsection.4.2}{\376\377\174\373\176\337\000E\000-\000R\126\376}{section.4}% 18
\BOOKMARK [2][-]{subsection.4.3}{\376\377\145\160\143\156\136\223\213\276\213\241}{section.4}% 19
\BOOKMARK [3][-]{subsubsection.4.3.1}{\376\377\145\160\143\156\136\223\133\236\117\123}{subsection.4.3}% 20
\BOOKMARK [3][-]{subsubsection.4.3.2}{\376\377\145\160\143\156\136\223\213\276\213\241\210\150}{subsection.4.3}% 21
\BOOKMARK [1][-]{section.5}{\376\377\213\346\176\306\213\276\213\241\116\016\133\236\163\260}{}% 22
\BOOKMARK [1][-]{section.6}{\376\377\174\373\176\337\155\113\213\325}{}% 23
\BOOKMARK [2][-]{subsection.6.1}{\376\377\174\373\176\337\155\113\213\325\166\204\166\356\166\204\116\016\145\271\154\325}{section.6}% 24
\BOOKMARK [2][-]{subsection.6.2}{\376\377\155\113\213\325\165\050\117\213\116\016\176\323\147\234}{section.6}% 25
\BOOKMARK [2][-]{subsection.6.3}{\376\377\155\113\213\325\140\073\176\323}{section.6}% 26
\BOOKMARK [1][-]{section*.2}{\376\377\140\073\176\323}{}% 27
\BOOKMARK [1][-]{section*.3}{\376\377\201\364\214\042}{}% 28
